<?xml version="1.0" encoding="UTF-8"?>
<!-- Generated by org.testng.reporters.JUnitReportReporter -->
<testsuite skipped="0" hostname="LenovoThinkpad" name="com.zoroz.testcases.LogoutTest" tests="1" failures="0" timestamp="16 Aug 2020 06:11:56 GMT" time="6.318" errors="0">
  <testcase name="doLogout" time="6.318" classname="com.zoroz.testcases.LogoutTest"/>
</testsuite> <!-- com.zoroz.testcases.LogoutTest -->
