<?xml version="1.0" encoding="UTF-8"?>
<!-- Generated by org.testng.reporters.JUnitReportReporter -->
<testsuite skipped="0" hostname="LenovoThinkpad" name="com.zoroz.rough.LoginClass" tests="2" failures="0" timestamp="16 Aug 2020 06:07:09 GMT" time="0.027" errors="0">
  <testcase name="doLogin" time="0.022" classname="com.zoroz.rough.LoginClass"/>
  <testcase name="doLogin" time="0.005" classname="com.zoroz.rough.LoginClass"/>
</testsuite> <!-- com.zoroz.rough.LoginClass -->
