<?xml version="1.0" encoding="UTF-8"?>
<!-- Generated by org.testng.reporters.JUnitReportReporter -->
<testsuite skipped="0" hostname="LenovoThinkpad" name="com.zoroz.rough.DemoGrid_Param" tests="2" failures="0" timestamp="23 Aug 2020 06:16:51 GMT" time="45.548" errors="0">
  <testcase name="abc" time="21.341" classname="com.zoroz.rough.DemoGrid_Param"/>
  <testcase name="abc" time="24.207" classname="com.zoroz.rough.DemoGrid_Param"/>
</testsuite> <!-- com.zoroz.rough.DemoGrid_Param -->
