<?xml version="1.0" encoding="UTF-8"?>
<!-- Generated by org.testng.reporters.JUnitReportReporter -->
<testsuite skipped="0" hostname="LenovoThinkpad" name="com.zoroz.rough.GridDemo2" tests="2" failures="0" timestamp="23 Aug 2020 06:11:52 GMT" time="31.277" errors="0">
  <testcase name="ChromeRun" time="14.420" classname="com.zoroz.rough.GridDemo2"/>
  <testcase name="fireFoxRun" time="16.857" classname="com.zoroz.rough.GridDemo2"/>
</testsuite> <!-- com.zoroz.rough.GridDemo2 -->
