<?xml version="1.0" encoding="UTF-8"?>
<!-- Generated by org.testng.reporters.JUnitReportReporter -->
<testsuite skipped="0" hostname="LenovoThinkpad" name="com.zoroz.rough.Rough" tests="2" failures="0" timestamp="16 Aug 2020 06:44:03 GMT" time="0.020" errors="0">
  <testcase name="doxyz" time="0.006" classname="com.zoroz.rough.Rough"/>
  <testcase name="doxyz" time="0.014" classname="com.zoroz.rough.Rough"/>
</testsuite> <!-- com.zoroz.rough.Rough -->
