<?xml version="1.0" encoding="UTF-8"?>
<!-- Generated by org.testng.reporters.JUnitReportReporter -->
<testsuite skipped="0" hostname="LenovoThinkpad" name="com.zoroz.rough.ZaleniumDemo" tests="2" failures="0" timestamp="23 Aug 2020 06:45:54 GMT" time="89.614" errors="0">
  <testcase name="abc" time="60.238" classname="com.zoroz.rough.ZaleniumDemo"/>
  <testcase name="abc" time="29.376" classname="com.zoroz.rough.ZaleniumDemo"/>
</testsuite> <!-- com.zoroz.rough.ZaleniumDemo -->
