<?xml version="1.0" encoding="UTF-8"?>
<!-- Generated by org.testng.reporters.JUnitReportReporter -->
<testsuite skipped="0" hostname="LenovoThinkpad" name="com.zoroz.rough.GrdiDemo" tests="1" failures="0" timestamp="23 Aug 2020 05:53:00 GMT" time="21.783" errors="0">
  <testcase name="firstGridRun" time="21.783" classname="com.zoroz.rough.GrdiDemo"/>
</testsuite> <!-- com.zoroz.rough.GrdiDemo -->
