<?xml version="1.0" encoding="UTF-8"?>
<!-- Generated by org.testng.reporters.JUnitReportReporter -->
<testsuite skipped="0" hostname="LenovoThinkpad" name="com.zoroz.rough.GridDemo" tests="1" failures="0" timestamp="23 Aug 2020 06:06:07 GMT" time="14.730" errors="0">
  <testcase name="firstGridRun" time="14.730" classname="com.zoroz.rough.GridDemo"/>
</testsuite> <!-- com.zoroz.rough.GridDemo -->
