<?xml version="1.0" encoding="UTF-8"?>
<!-- Generated by org.testng.reporters.JUnitReportReporter -->
<testsuite skipped="0" hostname="LenovoThinkpad" name="com.zoroz.testcases.LoginTest" tests="1" failures="0" timestamp="30 Aug 2020 05:21:26 GMT" time="44.804" errors="0">
  <testcase name="doLogin" time="44.804" classname="com.zoroz.testcases.LoginTest"/>
</testsuite> <!-- com.zoroz.testcases.LoginTest -->
