<?xml version="1.0" encoding="UTF-8"?>
<!-- Generated by org.testng.reporters.JUnitReportReporter -->
<testsuite skipped="0" hostname="LenovoThinkpad" name="com.zoroz.testcases.LoginTest" tests="1" failures="0" timestamp="30 Aug 2020 06:23:09 GMT" time="12.565" errors="0">
  <testcase name="doLogin" time="12.565" classname="com.zoroz.testcases.LoginTest"/>
</testsuite> <!-- com.zoroz.testcases.LoginTest -->
